pay/build/outputs/logs/manifest-merger-debug-report.txt
-- Merging decision tree log ---
manifest
ADDED from src\main\AndroidManifest.xml:2:1-22:12
INJECTED from src\main\AndroidManifest.xml:2:1-22:12
INJECTED from src\main\AndroidManifest.xml:2:1-22:12
INJECTED from src\main\AndroidManifest.xml:2:1-22:12
INJECTED from src\main\AndroidManifest.xml:2:1-22:12
INJECTED from src\main\AndroidManifest.xml:2:1-22:12
INJECTED from src\main\AndroidManifest.xml:2:1-22:12
	package
		ADDED from src\main\AndroidManifest.xml:3:11-43
		INJECTED from src\main\AndroidManifest.xml
		INJECTED from src\main\AndroidManifest.xml
	android:versionName
		INJECTED from src\main\AndroidManifest.xml
		ADDED from src\main\AndroidManifest.xml:2:1-22:12
		INJECTED from src\main\AndroidManifest.xml
	android:versionCode
		INJECTED from src\main\AndroidManifest.xml
		ADDED from src\main\AndroidManifest.xml:2:1-22:12
		INJECTED from src\main\AndroidManifest.xml
	xmlns:android
		ADDED from src\main\AndroidManifest.xml:2:11-69
application
ADDED from src\main\AndroidManifest.xml:5:5-20:19
	android:supportsRtl
		ADDED from src\main\AndroidManifest.xml:11:13-39
	android:label
		ADDED from src\main\AndroidManifest.xml:9:13-45
	android:roundIcon
		ADDED from src\main\AndroidManifest.xml:10:13-58
	android:icon
		ADDED from src\main\AndroidManifest.xml:8:13-47
	android:allowBackup
		ADDED from src\main\AndroidManifest.xml:7:13-39
	android:theme
		ADDED from src\main\AndroidManifest.xml:12:13-44
	android:name
		ADDED from src\main\AndroidManifest.xml:6:13-43
activity#com.example.camera.pay.PayActivity
ADDED from src\main\AndroidManifest.xml:13:9-19:20
	android:name
		ADDED from src\main\AndroidManifest.xml:13:19-46
intent-filter#action:name:android.intent.action.MAIN+category:name:android.intent.category.LAUNCHER
ADDED from src\main\AndroidManifest.xml:14:13-18:29
action#android.intent.action.MAIN
ADDED from src\main\AndroidManifest.xml:15:17-68
	android:name
		ADDED from src\main\AndroidManifest.xml:15:25-66
category#android.intent.category.LAUNCHER
ADDED from src\main\AndroidManifest.xml:17:17-76
	android:name
		ADDED from src\main\AndroidManifest.xml:17:27-74
uses-sdk
INJECTED from src\main\AndroidManifest.xml reason: use-sdk injection requested
INJECTED from src\main\AndroidManifest.xml
INJECTED from src\main\AndroidManifest.xml
INJECTED from src\main\AndroidManifest.xml
INJECTED from src\main\AndroidManifest.xml
	android:targetSdkVersion
		INJECTED from src\main\AndroidManifest.xml
		ADDED from src\main\AndroidManifest.xml
		INJECTED from src\main\AndroidManifest.xml
	android:minSdkVersion
		INJECTED from src\main\AndroidManifest.xml
		ADDED from src\main\AndroidManifest.xml
		INJECTED from src\main\AndroidManifest.xml